connect.multipart() will be removed in connect 3.0
visit https://github.com/senchalabs/connect/wiki/Connect-3.0 for alternatives
connect.limit() will be removed in connect 3.0

events.js:72
        throw er; // Unhandled 'error' event
              ^
Error: failed to connect to [10.30.1.21:27017]
    at null.<anonymous> (/Users/Stepan/Documents/PROJECTS/portal2/node_modules/mongoose/node_modules/mongodb/lib/mongodb/connection/server.js:540:74)
    at EventEmitter.emit (events.js:106:17)
    at null.<anonymous> (/Users/Stepan/Documents/PROJECTS/portal2/node_modules/mongoose/node_modules/mongodb/lib/mongodb/connection/connection_pool.js:140:15)
    at EventEmitter.emit (events.js:98:17)
    at Socket.<anonymous> (/Users/Stepan/Documents/PROJECTS/portal2/node_modules/mongoose/node_modules/mongodb/lib/mongodb/connection/connection.js:478:10)
    at Socket.EventEmitter.emit (events.js:95:17)
    at net.js:441:14
    at process._tickDomainCallback (node.js:459:13)
connect.multipart() will be removed in connect 3.0
visit https://github.com/senchalabs/connect/wiki/Connect-3.0 for alternatives
connect.limit() will be removed in connect 3.0

events.js:72
        throw er; // Unhandled 'error' event
              ^
Error: failed to connect to [10.30.1.21:27017]
    at null.<anonymous> (/Users/Stepan/Documents/PROJECTS/portal2/node_modules/mongoose/node_modules/mongodb/lib/mongodb/connection/server.js:540:74)
    at EventEmitter.emit (events.js:106:17)
    at null.<anonymous> (/Users/Stepan/Documents/PROJECTS/portal2/node_modules/mongoose/node_modules/mongodb/lib/mongodb/connection/connection_pool.js:140:15)
    at EventEmitter.emit (events.js:98:17)
    at Socket.<anonymous> (/Users/Stepan/Documents/PROJECTS/portal2/node_modules/mongoose/node_modules/mongodb/lib/mongodb/connection/connection.js:478:10)
    at Socket.EventEmitter.emit (events.js:95:17)
    at net.js:441:14
    at process._tickDomainCallback (node.js:459:13)
connect.multipart() will be removed in connect 3.0
visit https://github.com/senchalabs/connect/wiki/Connect-3.0 for alternatives
connect.limit() will be removed in connect 3.0

events.js:72
        throw er; // Unhandled 'error' event
              ^
Error: failed to connect to [10.30.1.21:27017]
    at null.<anonymous> (/Users/Stepan/Documents/PROJECTS/portal2/node_modules/mongoose/node_modules/mongodb/lib/mongodb/connection/server.js:540:74)
    at EventEmitter.emit (events.js:106:17)
    at null.<anonymous> (/Users/Stepan/Documents/PROJECTS/portal2/node_modules/mongoose/node_modules/mongodb/lib/mongodb/connection/connection_pool.js:140:15)
    at EventEmitter.emit (events.js:98:17)
    at Socket.<anonymous> (/Users/Stepan/Documents/PROJECTS/portal2/node_modules/mongoose/node_modules/mongodb/lib/mongodb/connection/connection.js:478:10)
    at Socket.EventEmitter.emit (events.js:95:17)
    at net.js:441:14
    at process._tickDomainCallback (node.js:459:13)
connect.multipart() will be removed in connect 3.0
visit https://github.com/senchalabs/connect/wiki/Connect-3.0 for alternatives
connect.limit() will be removed in connect 3.0

events.js:72
        throw er; // Unhandled 'error' event
              ^
Error: failed to connect to [10.30.1.21:27017]
    at null.<anonymous> (/Users/Stepan/Documents/PROJECTS/portal2/node_modules/mongoose/node_modules/mongodb/lib/mongodb/connection/server.js:540:74)
    at EventEmitter.emit (events.js:106:17)
    at null.<anonymous> (/Users/Stepan/Documents/PROJECTS/portal2/node_modules/mongoose/node_modules/mongodb/lib/mongodb/connection/connection_pool.js:140:15)
    at EventEmitter.emit (events.js:98:17)
    at Socket.<anonymous> (/Users/Stepan/Documents/PROJECTS/portal2/node_modules/mongoose/node_modules/mongodb/lib/mongodb/connection/connection.js:478:10)
    at Socket.EventEmitter.emit (events.js:95:17)
    at net.js:441:14
    at process._tickDomainCallback (node.js:459:13)
connect.multipart() will be removed in connect 3.0
visit https://github.com/senchalabs/connect/wiki/Connect-3.0 for alternatives
connect.limit() will be removed in connect 3.0

events.js:72
        throw er; // Unhandled 'error' event
              ^
Error: failed to connect to [10.30.1.21:27017]
    at null.<anonymous> (/Users/Stepan/Documents/PROJECTS/portal2/node_modules/mongoose/node_modules/mongodb/lib/mongodb/connection/server.js:540:74)
    at EventEmitter.emit (events.js:106:17)
    at null.<anonymous> (/Users/Stepan/Documents/PROJECTS/portal2/node_modules/mongoose/node_modules/mongodb/lib/mongodb/connection/connection_pool.js:140:15)
    at EventEmitter.emit (events.js:98:17)
    at Socket.<anonymous> (/Users/Stepan/Documents/PROJECTS/portal2/node_modules/mongoose/node_modules/mongodb/lib/mongodb/connection/connection.js:478:10)
    at Socket.EventEmitter.emit (events.js:95:17)
    at net.js:441:14
    at process._tickDomainCallback (node.js:459:13)
connect.multipart() will be removed in connect 3.0
visit https://github.com/senchalabs/connect/wiki/Connect-3.0 for alternatives
connect.limit() will be removed in connect 3.0

events.js:72
        throw er; // Unhandled 'error' event
              ^
Error: failed to connect to [10.30.1.21:27017]
    at null.<anonymous> (/Users/Stepan/Documents/PROJECTS/portal2/node_modules/mongoose/node_modules/mongodb/lib/mongodb/connection/server.js:540:74)
    at EventEmitter.emit (events.js:106:17)
    at null.<anonymous> (/Users/Stepan/Documents/PROJECTS/portal2/node_modules/mongoose/node_modules/mongodb/lib/mongodb/connection/connection_pool.js:140:15)
    at EventEmitter.emit (events.js:98:17)
    at Socket.<anonymous> (/Users/Stepan/Documents/PROJECTS/portal2/node_modules/mongoose/node_modules/mongodb/lib/mongodb/connection/connection.js:478:10)
    at Socket.EventEmitter.emit (events.js:95:17)
    at net.js:441:14
    at process._tickDomainCallback (node.js:459:13)
connect.multipart() will be removed in connect 3.0
visit https://github.com/senchalabs/connect/wiki/Connect-3.0 for alternatives
connect.limit() will be removed in connect 3.0

events.js:72
        throw er; // Unhandled 'error' event
              ^
Error: failed to connect to [10.30.1.21:27017]
    at null.<anonymous> (/Users/Stepan/Documents/PROJECTS/portal2/node_modules/mongoose/node_modules/mongodb/lib/mongodb/connection/server.js:540:74)
    at EventEmitter.emit (events.js:106:17)
    at null.<anonymous> (/Users/Stepan/Documents/PROJECTS/portal2/node_modules/mongoose/node_modules/mongodb/lib/mongodb/connection/connection_pool.js:140:15)
    at EventEmitter.emit (events.js:98:17)
    at Socket.<anonymous> (/Users/Stepan/Documents/PROJECTS/portal2/node_modules/mongoose/node_modules/mongodb/lib/mongodb/connection/connection.js:478:10)
    at Socket.EventEmitter.emit (events.js:95:17)
    at net.js:441:14
    at process._tickDomainCallback (node.js:459:13)
connect.multipart() will be removed in connect 3.0
visit https://github.com/senchalabs/connect/wiki/Connect-3.0 for alternatives
connect.limit() will be removed in connect 3.0

events.js:72
        throw er; // Unhandled 'error' event
              ^
Error: failed to connect to [10.30.1.21:27017]
    at null.<anonymous> (/Users/Stepan/Documents/PROJECTS/portal2/node_modules/mongoose/node_modules/mongodb/lib/mongodb/connection/server.js:540:74)
    at EventEmitter.emit (events.js:106:17)
    at null.<anonymous> (/Users/Stepan/Documents/PROJECTS/portal2/node_modules/mongoose/node_modules/mongodb/lib/mongodb/connection/connection_pool.js:140:15)
    at EventEmitter.emit (events.js:98:17)
    at Socket.<anonymous> (/Users/Stepan/Documents/PROJECTS/portal2/node_modules/mongoose/node_modules/mongodb/lib/mongodb/connection/connection.js:478:10)
    at Socket.EventEmitter.emit (events.js:95:17)
    at net.js:441:14
    at process._tickDomainCallback (node.js:459:13)
connect.multipart() will be removed in connect 3.0
visit https://github.com/senchalabs/connect/wiki/Connect-3.0 for alternatives
connect.limit() will be removed in connect 3.0

events.js:72
        throw er; // Unhandled 'error' event
              ^
Error: failed to connect to [10.30.1.21:27017]
    at null.<anonymous> (/Users/Stepan/Documents/PROJECTS/portal2/node_modules/mongoose/node_modules/mongodb/lib/mongodb/connection/server.js:540:74)
    at EventEmitter.emit (events.js:106:17)
    at null.<anonymous> (/Users/Stepan/Documents/PROJECTS/portal2/node_modules/mongoose/node_modules/mongodb/lib/mongodb/connection/connection_pool.js:140:15)
    at EventEmitter.emit (events.js:98:17)
    at Socket.<anonymous> (/Users/Stepan/Documents/PROJECTS/portal2/node_modules/mongoose/node_modules/mongodb/lib/mongodb/connection/connection.js:478:10)
    at Socket.EventEmitter.emit (events.js:95:17)
    at net.js:441:14
    at process._tickDomainCallback (node.js:459:13)
connect.multipart() will be removed in connect 3.0
visit https://github.com/senchalabs/connect/wiki/Connect-3.0 for alternatives
connect.limit() will be removed in connect 3.0

events.js:72
        throw er; // Unhandled 'error' event
              ^
Error: failed to connect to [10.30.1.21:27017]
    at null.<anonymous> (/Users/Stepan/Documents/PROJECTS/portal2/node_modules/mongoose/node_modules/mongodb/lib/mongodb/connection/server.js:540:74)
    at EventEmitter.emit (events.js:106:17)
    at null.<anonymous> (/Users/Stepan/Documents/PROJECTS/portal2/node_modules/mongoose/node_modules/mongodb/lib/mongodb/connection/connection_pool.js:140:15)
    at EventEmitter.emit (events.js:98:17)
    at Socket.<anonymous> (/Users/Stepan/Documents/PROJECTS/portal2/node_modules/mongoose/node_modules/mongodb/lib/mongodb/connection/connection.js:478:10)
    at Socket.EventEmitter.emit (events.js:95:17)
    at net.js:441:14
    at process._tickDomainCallback (node.js:459:13)
connect.multipart() will be removed in connect 3.0
visit https://github.com/senchalabs/connect/wiki/Connect-3.0 for alternatives
connect.limit() will be removed in connect 3.0

events.js:72
        throw er; // Unhandled 'error' event
              ^
Error: failed to connect to [10.30.1.21:27017]
    at null.<anonymous> (/Users/Stepan/Documents/PROJECTS/portal2/node_modules/mongoose/node_modules/mongodb/lib/mongodb/connection/server.js:540:74)
    at EventEmitter.emit (events.js:106:17)
    at null.<anonymous> (/Users/Stepan/Documents/PROJECTS/portal2/node_modules/mongoose/node_modules/mongodb/lib/mongodb/connection/connection_pool.js:140:15)
    at EventEmitter.emit (events.js:98:17)
    at Socket.<anonymous> (/Users/Stepan/Documents/PROJECTS/portal2/node_modules/mongoose/node_modules/mongodb/lib/mongodb/connection/connection.js:478:10)
    at Socket.EventEmitter.emit (events.js:95:17)
    at net.js:441:14
    at process._tickDomainCallback (node.js:459:13)
connect.multipart() will be removed in connect 3.0
visit https://github.com/senchalabs/connect/wiki/Connect-3.0 for alternatives
connect.limit() will be removed in connect 3.0

events.js:72
        throw er; // Unhandled 'error' event
              ^
Error: failed to connect to [10.30.1.21:27017]
    at null.<anonymous> (/Users/Stepan/Documents/PROJECTS/portal2/node_modules/mongoose/node_modules/mongodb/lib/mongodb/connection/server.js:540:74)
    at EventEmitter.emit (events.js:106:17)
    at null.<anonymous> (/Users/Stepan/Documents/PROJECTS/portal2/node_modules/mongoose/node_modules/mongodb/lib/mongodb/connection/connection_pool.js:140:15)
    at EventEmitter.emit (events.js:98:17)
    at Socket.<anonymous> (/Users/Stepan/Documents/PROJECTS/portal2/node_modules/mongoose/node_modules/mongodb/lib/mongodb/connection/connection.js:478:10)
    at Socket.EventEmitter.emit (events.js:95:17)
    at net.js:441:14
    at process._tickDomainCallback (node.js:459:13)
connect.multipart() will be removed in connect 3.0
visit https://github.com/senchalabs/connect/wiki/Connect-3.0 for alternatives
connect.limit() will be removed in connect 3.0

events.js:72
        throw er; // Unhandled 'error' event
              ^
Error: failed to connect to [10.30.1.21:27017]
    at null.<anonymous> (/Users/Stepan/Documents/PROJECTS/portal2/node_modules/mongoose/node_modules/mongodb/lib/mongodb/connection/server.js:540:74)
    at EventEmitter.emit (events.js:106:17)
    at null.<anonymous> (/Users/Stepan/Documents/PROJECTS/portal2/node_modules/mongoose/node_modules/mongodb/lib/mongodb/connection/connection_pool.js:140:15)
    at EventEmitter.emit (events.js:98:17)
    at Socket.<anonymous> (/Users/Stepan/Documents/PROJECTS/portal2/node_modules/mongoose/node_modules/mongodb/lib/mongodb/connection/connection.js:478:10)
    at Socket.EventEmitter.emit (events.js:95:17)
    at net.js:441:14
    at process._tickDomainCallback (node.js:459:13)
connect.multipart() will be removed in connect 3.0
visit https://github.com/senchalabs/connect/wiki/Connect-3.0 for alternatives
connect.limit() will be removed in connect 3.0

events.js:72
        throw er; // Unhandled 'error' event
              ^
Error: failed to connect to [10.30.1.21:27017]
    at null.<anonymous> (/Users/Stepan/Documents/PROJECTS/portal2/node_modules/mongoose/node_modules/mongodb/lib/mongodb/connection/server.js:540:74)
    at EventEmitter.emit (events.js:106:17)
    at null.<anonymous> (/Users/Stepan/Documents/PROJECTS/portal2/node_modules/mongoose/node_modules/mongodb/lib/mongodb/connection/connection_pool.js:140:15)
    at EventEmitter.emit (events.js:98:17)
    at Socket.<anonymous> (/Users/Stepan/Documents/PROJECTS/portal2/node_modules/mongoose/node_modules/mongodb/lib/mongodb/connection/connection.js:478:10)
    at Socket.EventEmitter.emit (events.js:95:17)
    at net.js:441:14
    at process._tickDomainCallback (node.js:459:13)
connect.multipart() will be removed in connect 3.0
visit https://github.com/senchalabs/connect/wiki/Connect-3.0 for alternatives
connect.limit() will be removed in connect 3.0

events.js:72
        throw er; // Unhandled 'error' event
              ^
Error: failed to connect to [10.30.1.21:27017]
    at null.<anonymous> (/Users/Stepan/Documents/PROJECTS/portal2/node_modules/mongoose/node_modules/mongodb/lib/mongodb/connection/server.js:540:74)
    at EventEmitter.emit (events.js:106:17)
    at null.<anonymous> (/Users/Stepan/Documents/PROJECTS/portal2/node_modules/mongoose/node_modules/mongodb/lib/mongodb/connection/connection_pool.js:140:15)
    at EventEmitter.emit (events.js:98:17)
    at Socket.<anonymous> (/Users/Stepan/Documents/PROJECTS/portal2/node_modules/mongoose/node_modules/mongodb/lib/mongodb/connection/connection.js:478:10)
    at Socket.EventEmitter.emit (events.js:95:17)
    at net.js:441:14
    at process._tickDomainCallback (node.js:459:13)
connect.multipart() will be removed in connect 3.0
visit https://github.com/senchalabs/connect/wiki/Connect-3.0 for alternatives
connect.limit() will be removed in connect 3.0

events.js:72
        throw er; // Unhandled 'error' event
              ^
Error: failed to connect to [10.30.1.21:27017]
    at null.<anonymous> (/Users/Stepan/Documents/PROJECTS/portal2/node_modules/mongoose/node_modules/mongodb/lib/mongodb/connection/server.js:540:74)
    at EventEmitter.emit (events.js:106:17)
    at null.<anonymous> (/Users/Stepan/Documents/PROJECTS/portal2/node_modules/mongoose/node_modules/mongodb/lib/mongodb/connection/connection_pool.js:140:15)
    at EventEmitter.emit (events.js:98:17)
    at Socket.<anonymous> (/Users/Stepan/Documents/PROJECTS/portal2/node_modules/mongoose/node_modules/mongodb/lib/mongodb/connection/connection.js:478:10)
    at Socket.EventEmitter.emit (events.js:95:17)
    at net.js:441:14
    at process._tickDomainCallback (node.js:459:13)
connect.multipart() will be removed in connect 3.0
visit https://github.com/senchalabs/connect/wiki/Connect-3.0 for alternatives
connect.limit() will be removed in connect 3.0

events.js:72
        throw er; // Unhandled 'error' event
              ^
Error: failed to connect to [10.30.1.21:27017]
    at null.<anonymous> (/Users/Stepan/Documents/PROJECTS/portal2/node_modules/mongoose/node_modules/mongodb/lib/mongodb/connection/server.js:540:74)
    at EventEmitter.emit (events.js:106:17)
    at null.<anonymous> (/Users/Stepan/Documents/PROJECTS/portal2/node_modules/mongoose/node_modules/mongodb/lib/mongodb/connection/connection_pool.js:140:15)
    at EventEmitter.emit (events.js:98:17)
    at Socket.<anonymous> (/Users/Stepan/Documents/PROJECTS/portal2/node_modules/mongoose/node_modules/mongodb/lib/mongodb/connection/connection.js:478:10)
    at Socket.EventEmitter.emit (events.js:95:17)
    at net.js:441:14
    at process._tickDomainCallback (node.js:459:13)
connect.multipart() will be removed in connect 3.0
visit https://github.com/senchalabs/connect/wiki/Connect-3.0 for alternatives
connect.limit() will be removed in connect 3.0

events.js:72
        throw er; // Unhandled 'error' event
              ^
Error: failed to connect to [10.30.1.21:27017]
    at null.<anonymous> (/Users/Stepan/Documents/PROJECTS/portal2/node_modules/mongoose/node_modules/mongodb/lib/mongodb/connection/server.js:540:74)
    at EventEmitter.emit (events.js:106:17)
    at null.<anonymous> (/Users/Stepan/Documents/PROJECTS/portal2/node_modules/mongoose/node_modules/mongodb/lib/mongodb/connection/connection_pool.js:140:15)
    at EventEmitter.emit (events.js:98:17)
    at Socket.<anonymous> (/Users/Stepan/Documents/PROJECTS/portal2/node_modules/mongoose/node_modules/mongodb/lib/mongodb/connection/connection.js:478:10)
    at Socket.EventEmitter.emit (events.js:95:17)
    at net.js:441:14
    at process._tickDomainCallback (node.js:459:13)
connect.multipart() will be removed in connect 3.0
visit https://github.com/senchalabs/connect/wiki/Connect-3.0 for alternatives
connect.limit() will be removed in connect 3.0
[31merror[39m: [socket/index.js] !!!!!!!!!!!!!!!!!!!!!!!!!!!!!Error: connect ENETDOWN
[31merror[39m: [socket/index.js] !!!!!!!!!!!!!!!!!!!!!!!!!!!!!Error: connect ETIMEDOUT
libc++abi.dylib: terminating with uncaught exception of type oracle::occi::SQLException: ORA-12560: TNS:protocol adapter error

libc++abi.dylib: terminating with uncaught exception of type oracle::occi::SQLException: ORA-12560: TNS:protocol adapter error

libc++abi.dylib: terminating with uncaught exception of type oracle::occi::SQLException: ORA-12170: TNS:Connect timeout occurred

libc++abi.dylib: terminating with uncaught exception of type oracle::occi::SQLException: ORA-12170: TNS:Connect timeout occurred

Error: failed to connect to [10.30.1.21:27017]
    at null.<anonymous> (/Users/Stepan/Documents/PROJECTS/portal2/node_modules/connect-mongo/node_modules/mongodb/lib/mongodb/connection/server.js:553:74)
    at EventEmitter.emit (events.js:106:17)
    at null.<anonymous> (/Users/Stepan/Documents/PROJECTS/portal2/node_modules/connect-mongo/node_modules/mongodb/lib/mongodb/connection/connection_pool.js:140:15)
    at EventEmitter.emit (events.js:98:17)
    at Socket.<anonymous> (/Users/Stepan/Documents/PROJECTS/portal2/node_modules/connect-mongo/node_modules/mongodb/lib/mongodb/connection/connection.js:512:10)
    at Socket.EventEmitter.emit (events.js:95:17)
    at net.js:441:14
    at process._tickDomainCallback (node.js:459:13)
connect.multipart() will be removed in connect 3.0
visit https://github.com/senchalabs/connect/wiki/Connect-3.0 for alternatives
connect.limit() will be removed in connect 3.0
libc++abi.dylib: terminating with uncaught exception of type oracle::occi::SQLException: ORA-12170: TNS:Connect timeout occurred

libc++abi.dylib: terminating with uncaught exception of type oracle::occi::SQLException: ORA-12170: TNS:Connect timeout occurred

[31merror[39m: [socket/index.js] !!!!!!!!!!!!!!!!!!!!!!!!!!!!!Error: connect ETIMEDOUT
libc++abi.dylib: terminating with uncaught exception of type oracle::occi::SQLException: ORA-12170: TNS:Connect timeout occurred

connect.multipart() will be removed in connect 3.0
visit https://github.com/senchalabs/connect/wiki/Connect-3.0 for alternatives
connect.limit() will be removed in connect 3.0

events.js:72
        throw er; // Unhandled 'error' event
              ^
Error: failed to connect to [10.30.1.21:27017]
    at null.<anonymous> (/Users/Stepan/Documents/PROJECTS/portal2/node_modules/mongoose/node_modules/mongodb/lib/mongodb/connection/server.js:540:74)
    at EventEmitter.emit (events.js:106:17)
    at null.<anonymous> (/Users/Stepan/Documents/PROJECTS/portal2/node_modules/mongoose/node_modules/mongodb/lib/mongodb/connection/connection_pool.js:140:15)
    at EventEmitter.emit (events.js:98:17)
    at Socket.<anonymous> (/Users/Stepan/Documents/PROJECTS/portal2/node_modules/mongoose/node_modules/mongodb/lib/mongodb/connection/connection.js:478:10)
    at Socket.EventEmitter.emit (events.js:95:17)
    at net.js:441:14
    at process._tickDomainCallback (node.js:459:13)
connect.multipart() will be removed in connect 3.0
visit https://github.com/senchalabs/connect/wiki/Connect-3.0 for alternatives
connect.limit() will be removed in connect 3.0

events.js:72
        throw er; // Unhandled 'error' event
              ^
Error: failed to connect to [10.30.1.21:27017]
    at null.<anonymous> (/Users/Stepan/Documents/PROJECTS/portal2/node_modules/mongoose/node_modules/mongodb/lib/mongodb/connection/server.js:540:74)
    at EventEmitter.emit (events.js:106:17)
    at null.<anonymous> (/Users/Stepan/Documents/PROJECTS/portal2/node_modules/mongoose/node_modules/mongodb/lib/mongodb/connection/connection_pool.js:140:15)
    at EventEmitter.emit (events.js:98:17)
    at Socket.<anonymous> (/Users/Stepan/Documents/PROJECTS/portal2/node_modules/mongoose/node_modules/mongodb/lib/mongodb/connection/connection.js:478:10)
    at Socket.EventEmitter.emit (events.js:95:17)
    at net.js:441:14
    at process._tickDomainCallback (node.js:459:13)
connect.multipart() will be removed in connect 3.0
visit https://github.com/senchalabs/connect/wiki/Connect-3.0 for alternatives
connect.limit() will be removed in connect 3.0

events.js:72
        throw er; // Unhandled 'error' event
              ^
Error: failed to connect to [10.30.1.21:27017]
    at null.<anonymous> (/Users/Stepan/Documents/PROJECTS/portal2/node_modules/mongoose/node_modules/mongodb/lib/mongodb/connection/server.js:540:74)
    at EventEmitter.emit (events.js:106:17)
    at null.<anonymous> (/Users/Stepan/Documents/PROJECTS/portal2/node_modules/mongoose/node_modules/mongodb/lib/mongodb/connection/connection_pool.js:140:15)
    at EventEmitter.emit (events.js:98:17)
    at Socket.<anonymous> (/Users/Stepan/Documents/PROJECTS/portal2/node_modules/mongoose/node_modules/mongodb/lib/mongodb/connection/connection.js:478:10)
    at Socket.EventEmitter.emit (events.js:95:17)
    at net.js:441:14
    at process._tickDomainCallback (node.js:459:13)
connect.multipart() will be removed in connect 3.0
visit https://github.com/senchalabs/connect/wiki/Connect-3.0 for alternatives
connect.limit() will be removed in connect 3.0

events.js:72
        throw er; // Unhandled 'error' event
              ^
Error: failed to connect to [10.30.1.21:27017]
    at null.<anonymous> (/Users/Stepan/Documents/PROJECTS/portal2/node_modules/mongoose/node_modules/mongodb/lib/mongodb/connection/server.js:540:74)
    at EventEmitter.emit (events.js:106:17)
    at null.<anonymous> (/Users/Stepan/Documents/PROJECTS/portal2/node_modules/mongoose/node_modules/mongodb/lib/mongodb/connection/connection_pool.js:140:15)
    at EventEmitter.emit (events.js:98:17)
    at Socket.<anonymous> (/Users/Stepan/Documents/PROJECTS/portal2/node_modules/mongoose/node_modules/mongodb/lib/mongodb/connection/connection.js:478:10)
    at Socket.EventEmitter.emit (events.js:95:17)
    at net.js:441:14
    at process._tickDomainCallback (node.js:459:13)
connect.multipart() will be removed in connect 3.0
visit https://github.com/senchalabs/connect/wiki/Connect-3.0 for alternatives
connect.limit() will be removed in connect 3.0

events.js:72
        throw er; // Unhandled 'error' event
              ^
Error: failed to connect to [10.30.1.21:27017]
    at null.<anonymous> (/Users/Stepan/Documents/PROJECTS/portal2/node_modules/mongoose/node_modules/mongodb/lib/mongodb/connection/server.js:540:74)
    at EventEmitter.emit (events.js:106:17)
    at null.<anonymous> (/Users/Stepan/Documents/PROJECTS/portal2/node_modules/mongoose/node_modules/mongodb/lib/mongodb/connection/connection_pool.js:140:15)
    at EventEmitter.emit (events.js:98:17)
    at Socket.<anonymous> (/Users/Stepan/Documents/PROJECTS/portal2/node_modules/mongoose/node_modules/mongodb/lib/mongodb/connection/connection.js:478:10)
    at Socket.EventEmitter.emit (events.js:95:17)
    at net.js:441:14
    at process._tickDomainCallback (node.js:459:13)
connect.multipart() will be removed in connect 3.0
visit https://github.com/senchalabs/connect/wiki/Connect-3.0 for alternatives
connect.limit() will be removed in connect 3.0

events.js:72
        throw er; // Unhandled 'error' event
              ^
Error: failed to connect to [10.30.1.21:27017]
    at null.<anonymous> (/Users/Stepan/Documents/PROJECTS/portal2/node_modules/mongoose/node_modules/mongodb/lib/mongodb/connection/server.js:540:74)
    at EventEmitter.emit (events.js:106:17)
    at null.<anonymous> (/Users/Stepan/Documents/PROJECTS/portal2/node_modules/mongoose/node_modules/mongodb/lib/mongodb/connection/connection_pool.js:140:15)
    at EventEmitter.emit (events.js:98:17)
    at Socket.<anonymous> (/Users/Stepan/Documents/PROJECTS/portal2/node_modules/mongoose/node_modules/mongodb/lib/mongodb/connection/connection.js:478:10)
    at Socket.EventEmitter.emit (events.js:95:17)
    at net.js:441:14
    at process._tickDomainCallback (node.js:459:13)
connect.multipart() will be removed in connect 3.0
visit https://github.com/senchalabs/connect/wiki/Connect-3.0 for alternatives
connect.limit() will be removed in connect 3.0

events.js:72
        throw er; // Unhandled 'error' event
              ^
Error: failed to connect to [10.30.1.21:27017]
    at null.<anonymous> (/Users/Stepan/Documents/PROJECTS/portal2/node_modules/mongoose/node_modules/mongodb/lib/mongodb/connection/server.js:540:74)
    at EventEmitter.emit (events.js:106:17)
    at null.<anonymous> (/Users/Stepan/Documents/PROJECTS/portal2/node_modules/mongoose/node_modules/mongodb/lib/mongodb/connection/connection_pool.js:140:15)
    at EventEmitter.emit (events.js:98:17)
    at Socket.<anonymous> (/Users/Stepan/Documents/PROJECTS/portal2/node_modules/mongoose/node_modules/mongodb/lib/mongodb/connection/connection.js:478:10)
    at Socket.EventEmitter.emit (events.js:95:17)
    at net.js:441:14
    at process._tickDomainCallback (node.js:459:13)
connect.multipart() will be removed in connect 3.0
visit https://github.com/senchalabs/connect/wiki/Connect-3.0 for alternatives
connect.limit() will be removed in connect 3.0

events.js:72
        throw er; // Unhandled 'error' event
              ^
Error: failed to connect to [10.30.1.21:27017]
    at null.<anonymous> (/Users/Stepan/Documents/PROJECTS/portal2/node_modules/mongoose/node_modules/mongodb/lib/mongodb/connection/server.js:540:74)
    at EventEmitter.emit (events.js:106:17)
    at null.<anonymous> (/Users/Stepan/Documents/PROJECTS/portal2/node_modules/mongoose/node_modules/mongodb/lib/mongodb/connection/connection_pool.js:140:15)
    at EventEmitter.emit (events.js:98:17)
    at Socket.<anonymous> (/Users/Stepan/Documents/PROJECTS/portal2/node_modules/mongoose/node_modules/mongodb/lib/mongodb/connection/connection.js:478:10)
    at Socket.EventEmitter.emit (events.js:95:17)
    at net.js:441:14
    at process._tickDomainCallback (node.js:459:13)
connect.multipart() will be removed in connect 3.0
visit https://github.com/senchalabs/connect/wiki/Connect-3.0 for alternatives
connect.limit() will be removed in connect 3.0

events.js:72
        throw er; // Unhandled 'error' event
              ^
Error: failed to connect to [10.30.1.21:27017]
    at null.<anonymous> (/Users/Stepan/Documents/PROJECTS/portal2/node_modules/mongoose/node_modules/mongodb/lib/mongodb/connection/server.js:540:74)
    at EventEmitter.emit (events.js:106:17)
    at null.<anonymous> (/Users/Stepan/Documents/PROJECTS/portal2/node_modules/mongoose/node_modules/mongodb/lib/mongodb/connection/connection_pool.js:140:15)
    at EventEmitter.emit (events.js:98:17)
    at Socket.<anonymous> (/Users/Stepan/Documents/PROJECTS/portal2/node_modules/mongoose/node_modules/mongodb/lib/mongodb/connection/connection.js:478:10)
    at Socket.EventEmitter.emit (events.js:95:17)
    at net.js:441:14
    at process._tickDomainCallback (node.js:459:13)
connect.multipart() will be removed in connect 3.0
visit https://github.com/senchalabs/connect/wiki/Connect-3.0 for alternatives
connect.limit() will be removed in connect 3.0

events.js:72
        throw er; // Unhandled 'error' event
              ^
Error: failed to connect to [10.30.1.21:27017]
    at null.<anonymous> (/Users/Stepan/Documents/PROJECTS/portal2/node_modules/mongoose/node_modules/mongodb/lib/mongodb/connection/server.js:540:74)
    at EventEmitter.emit (events.js:106:17)
    at null.<anonymous> (/Users/Stepan/Documents/PROJECTS/portal2/node_modules/mongoose/node_modules/mongodb/lib/mongodb/connection/connection_pool.js:140:15)
    at EventEmitter.emit (events.js:98:17)
    at Socket.<anonymous> (/Users/Stepan/Documents/PROJECTS/portal2/node_modules/mongoose/node_modules/mongodb/lib/mongodb/connection/connection.js:478:10)
    at Socket.EventEmitter.emit (events.js:95:17)
    at net.js:441:14
    at process._tickDomainCallback (node.js:459:13)
connect.multipart() will be removed in connect 3.0
visit https://github.com/senchalabs/connect/wiki/Connect-3.0 for alternatives
connect.limit() will be removed in connect 3.0

events.js:72
        throw er; // Unhandled 'error' event
              ^
Error: failed to connect to [10.30.1.21:27017]
    at null.<anonymous> (/Users/Stepan/Documents/PROJECTS/portal2/node_modules/mongoose/node_modules/mongodb/lib/mongodb/connection/server.js:540:74)
    at EventEmitter.emit (events.js:106:17)
    at null.<anonymous> (/Users/Stepan/Documents/PROJECTS/portal2/node_modules/mongoose/node_modules/mongodb/lib/mongodb/connection/connection_pool.js:140:15)
    at EventEmitter.emit (events.js:98:17)
    at Socket.<anonymous> (/Users/Stepan/Documents/PROJECTS/portal2/node_modules/mongoose/node_modules/mongodb/lib/mongodb/connection/connection.js:478:10)
    at Socket.EventEmitter.emit (events.js:95:17)
    at net.js:441:14
    at process._tickDomainCallback (node.js:459:13)
connect.multipart() will be removed in connect 3.0
visit https://github.com/senchalabs/connect/wiki/Connect-3.0 for alternatives
connect.limit() will be removed in connect 3.0

events.js:72
        throw er; // Unhandled 'error' event
              ^
Error: failed to connect to [10.30.1.21:27017]
    at null.<anonymous> (/Users/Stepan/Documents/PROJECTS/portal2/node_modules/mongoose/node_modules/mongodb/lib/mongodb/connection/server.js:540:74)
    at EventEmitter.emit (events.js:106:17)
    at null.<anonymous> (/Users/Stepan/Documents/PROJECTS/portal2/node_modules/mongoose/node_modules/mongodb/lib/mongodb/connection/connection_pool.js:140:15)
    at EventEmitter.emit (events.js:98:17)
    at Socket.<anonymous> (/Users/Stepan/Documents/PROJECTS/portal2/node_modules/mongoose/node_modules/mongodb/lib/mongodb/connection/connection.js:478:10)
    at Socket.EventEmitter.emit (events.js:95:17)
    at net.js:441:14
    at process._tickDomainCallback (node.js:459:13)
connect.multipart() will be removed in connect 3.0
visit https://github.com/senchalabs/connect/wiki/Connect-3.0 for alternatives
connect.limit() will be removed in connect 3.0

events.js:72
        throw er; // Unhandled 'error' event
              ^
Error: failed to connect to [10.30.1.21:27017]
    at null.<anonymous> (/Users/Stepan/Documents/PROJECTS/portal2/node_modules/mongoose/node_modules/mongodb/lib/mongodb/connection/server.js:540:74)
    at EventEmitter.emit (events.js:106:17)
    at null.<anonymous> (/Users/Stepan/Documents/PROJECTS/portal2/node_modules/mongoose/node_modules/mongodb/lib/mongodb/connection/connection_pool.js:140:15)
    at EventEmitter.emit (events.js:98:17)
    at Socket.<anonymous> (/Users/Stepan/Documents/PROJECTS/portal2/node_modules/mongoose/node_modules/mongodb/lib/mongodb/connection/connection.js:478:10)
    at Socket.EventEmitter.emit (events.js:95:17)
    at net.js:441:14
    at process._tickDomainCallback (node.js:459:13)
connect.multipart() will be removed in connect 3.0
visit https://github.com/senchalabs/connect/wiki/Connect-3.0 for alternatives
connect.limit() will be removed in connect 3.0

events.js:72
        throw er; // Unhandled 'error' event
              ^
Error: failed to connect to [10.30.1.21:27017]
    at null.<anonymous> (/Users/Stepan/Documents/PROJECTS/portal2/node_modules/mongoose/node_modules/mongodb/lib/mongodb/connection/server.js:540:74)
    at EventEmitter.emit (events.js:106:17)
    at null.<anonymous> (/Users/Stepan/Documents/PROJECTS/portal2/node_modules/mongoose/node_modules/mongodb/lib/mongodb/connection/connection_pool.js:140:15)
    at EventEmitter.emit (events.js:98:17)
    at Socket.<anonymous> (/Users/Stepan/Documents/PROJECTS/portal2/node_modules/mongoose/node_modules/mongodb/lib/mongodb/connection/connection.js:478:10)
    at Socket.EventEmitter.emit (events.js:95:17)
    at net.js:441:14
    at process._tickDomainCallback (node.js:459:13)
connect.multipart() will be removed in connect 3.0
visit https://github.com/senchalabs/connect/wiki/Connect-3.0 for alternatives
connect.limit() will be removed in connect 3.0

events.js:72
        throw er; // Unhandled 'error' event
              ^
Error: failed to connect to [10.30.1.21:27017]
    at null.<anonymous> (/Users/Stepan/Documents/PROJECTS/portal2/node_modules/mongoose/node_modules/mongodb/lib/mongodb/connection/server.js:540:74)
    at EventEmitter.emit (events.js:106:17)
    at null.<anonymous> (/Users/Stepan/Documents/PROJECTS/portal2/node_modules/mongoose/node_modules/mongodb/lib/mongodb/connection/connection_pool.js:140:15)
    at EventEmitter.emit (events.js:98:17)
    at Socket.<anonymous> (/Users/Stepan/Documents/PROJECTS/portal2/node_modules/mongoose/node_modules/mongodb/lib/mongodb/connection/connection.js:478:10)
    at Socket.EventEmitter.emit (events.js:95:17)
    at net.js:441:14
    at process._tickDomainCallback (node.js:459:13)
connect.multipart() will be removed in connect 3.0
visit https://github.com/senchalabs/connect/wiki/Connect-3.0 for alternatives
connect.limit() will be removed in connect 3.0

events.js:72
        throw er; // Unhandled 'error' event
              ^
Error: failed to connect to [10.30.1.21:27017]
    at null.<anonymous> (/Users/Stepan/Documents/PROJECTS/portal2/node_modules/mongoose/node_modules/mongodb/lib/mongodb/connection/server.js:540:74)
    at EventEmitter.emit (events.js:106:17)
    at null.<anonymous> (/Users/Stepan/Documents/PROJECTS/portal2/node_modules/mongoose/node_modules/mongodb/lib/mongodb/connection/connection_pool.js:140:15)
    at EventEmitter.emit (events.js:98:17)
    at Socket.<anonymous> (/Users/Stepan/Documents/PROJECTS/portal2/node_modules/mongoose/node_modules/mongodb/lib/mongodb/connection/connection.js:478:10)
    at Socket.EventEmitter.emit (events.js:95:17)
    at net.js:441:14
    at process._tickDomainCallback (node.js:459:13)
connect.multipart() will be removed in connect 3.0
visit https://github.com/senchalabs/connect/wiki/Connect-3.0 for alternatives
connect.limit() will be removed in connect 3.0

events.js:72
        throw er; // Unhandled 'error' event
              ^
Error: failed to connect to [10.30.1.21:27017]
    at null.<anonymous> (/Users/Stepan/Documents/PROJECTS/portal2/node_modules/mongoose/node_modules/mongodb/lib/mongodb/connection/server.js:540:74)
    at EventEmitter.emit (events.js:106:17)
    at null.<anonymous> (/Users/Stepan/Documents/PROJECTS/portal2/node_modules/mongoose/node_modules/mongodb/lib/mongodb/connection/connection_pool.js:140:15)
    at EventEmitter.emit (events.js:98:17)
    at Socket.<anonymous> (/Users/Stepan/Documents/PROJECTS/portal2/node_modules/mongoose/node_modules/mongodb/lib/mongodb/connection/connection.js:478:10)
    at Socket.EventEmitter.emit (events.js:95:17)
    at net.js:441:14
    at process._tickDomainCallback (node.js:459:13)
connect.multipart() will be removed in connect 3.0
visit https://github.com/senchalabs/connect/wiki/Connect-3.0 for alternatives
connect.limit() will be removed in connect 3.0

events.js:72
        throw er; // Unhandled 'error' event
              ^
Error: failed to connect to [10.30.1.21:27017]
    at null.<anonymous> (/Users/Stepan/Documents/PROJECTS/portal2/node_modules/mongoose/node_modules/mongodb/lib/mongodb/connection/server.js:540:74)
    at EventEmitter.emit (events.js:106:17)
    at null.<anonymous> (/Users/Stepan/Documents/PROJECTS/portal2/node_modules/mongoose/node_modules/mongodb/lib/mongodb/connection/connection_pool.js:140:15)
    at EventEmitter.emit (events.js:98:17)
    at Socket.<anonymous> (/Users/Stepan/Documents/PROJECTS/portal2/node_modules/mongoose/node_modules/mongodb/lib/mongodb/connection/connection.js:478:10)
    at Socket.EventEmitter.emit (events.js:95:17)
    at net.js:441:14
    at process._tickDomainCallback (node.js:459:13)
connect.multipart() will be removed in connect 3.0
visit https://github.com/senchalabs/connect/wiki/Connect-3.0 for alternatives
connect.limit() will be removed in connect 3.0

events.js:72
        throw er; // Unhandled 'error' event
              ^
Error: failed to connect to [10.30.1.21:27017]
    at null.<anonymous> (/Users/Stepan/Documents/PROJECTS/portal2/node_modules/mongoose/node_modules/mongodb/lib/mongodb/connection/server.js:540:74)
    at EventEmitter.emit (events.js:106:17)
    at null.<anonymous> (/Users/Stepan/Documents/PROJECTS/portal2/node_modules/mongoose/node_modules/mongodb/lib/mongodb/connection/connection_pool.js:140:15)
    at EventEmitter.emit (events.js:98:17)
    at Socket.<anonymous> (/Users/Stepan/Documents/PROJECTS/portal2/node_modules/mongoose/node_modules/mongodb/lib/mongodb/connection/connection.js:478:10)
    at Socket.EventEmitter.emit (events.js:95:17)
    at net.js:441:14
    at process._tickDomainCallback (node.js:459:13)
connect.multipart() will be removed in connect 3.0
visit https://github.com/senchalabs/connect/wiki/Connect-3.0 for alternatives
connect.limit() will be removed in connect 3.0

events.js:72
        throw er; // Unhandled 'error' event
              ^
Error: failed to connect to [10.30.1.21:27017]
    at null.<anonymous> (/Users/Stepan/Documents/PROJECTS/portal2/node_modules/mongoose/node_modules/mongodb/lib/mongodb/connection/server.js:540:74)
    at EventEmitter.emit (events.js:106:17)
    at null.<anonymous> (/Users/Stepan/Documents/PROJECTS/portal2/node_modules/mongoose/node_modules/mongodb/lib/mongodb/connection/connection_pool.js:140:15)
    at EventEmitter.emit (events.js:98:17)
    at Socket.<anonymous> (/Users/Stepan/Documents/PROJECTS/portal2/node_modules/mongoose/node_modules/mongodb/lib/mongodb/connection/connection.js:478:10)
    at Socket.EventEmitter.emit (events.js:95:17)
    at net.js:441:14
    at process._tickDomainCallback (node.js:459:13)
connect.multipart() will be removed in connect 3.0
visit https://github.com/senchalabs/connect/wiki/Connect-3.0 for alternatives
connect.limit() will be removed in connect 3.0

events.js:72
        throw er; // Unhandled 'error' event
              ^
Error: failed to connect to [10.30.1.21:27017]
    at null.<anonymous> (/Users/Stepan/Documents/PROJECTS/portal2/node_modules/mongoose/node_modules/mongodb/lib/mongodb/connection/server.js:540:74)
    at EventEmitter.emit (events.js:106:17)
    at null.<anonymous> (/Users/Stepan/Documents/PROJECTS/portal2/node_modules/mongoose/node_modules/mongodb/lib/mongodb/connection/connection_pool.js:140:15)
    at EventEmitter.emit (events.js:98:17)
    at Socket.<anonymous> (/Users/Stepan/Documents/PROJECTS/portal2/node_modules/mongoose/node_modules/mongodb/lib/mongodb/connection/connection.js:478:10)
    at Socket.EventEmitter.emit (events.js:95:17)
    at net.js:441:14
    at process._tickDomainCallback (node.js:459:13)
connect.multipart() will be removed in connect 3.0
visit https://github.com/senchalabs/connect/wiki/Connect-3.0 for alternatives
connect.limit() will be removed in connect 3.0

events.js:72
        throw er; // Unhandled 'error' event
              ^
Error: failed to connect to [10.30.1.21:27017]
    at null.<anonymous> (/Users/Stepan/Documents/PROJECTS/portal2/node_modules/mongoose/node_modules/mongodb/lib/mongodb/connection/server.js:540:74)
    at EventEmitter.emit (events.js:106:17)
    at null.<anonymous> (/Users/Stepan/Documents/PROJECTS/portal2/node_modules/mongoose/node_modules/mongodb/lib/mongodb/connection/connection_pool.js:140:15)
    at EventEmitter.emit (events.js:98:17)
    at Socket.<anonymous> (/Users/Stepan/Documents/PROJECTS/portal2/node_modules/mongoose/node_modules/mongodb/lib/mongodb/connection/connection.js:478:10)
    at Socket.EventEmitter.emit (events.js:95:17)
    at net.js:441:14
    at process._tickDomainCallback (node.js:459:13)
connect.multipart() will be removed in connect 3.0
visit https://github.com/senchalabs/connect/wiki/Connect-3.0 for alternatives
connect.limit() will be removed in connect 3.0

events.js:72
        throw er; // Unhandled 'error' event
              ^
Error: failed to connect to [10.30.1.21:27017]
    at null.<anonymous> (/Users/Stepan/Documents/PROJECTS/portal2/node_modules/mongoose/node_modules/mongodb/lib/mongodb/connection/server.js:540:74)
    at EventEmitter.emit (events.js:106:17)
    at null.<anonymous> (/Users/Stepan/Documents/PROJECTS/portal2/node_modules/mongoose/node_modules/mongodb/lib/mongodb/connection/connection_pool.js:140:15)
    at EventEmitter.emit (events.js:98:17)
    at Socket.<anonymous> (/Users/Stepan/Documents/PROJECTS/portal2/node_modules/mongoose/node_modules/mongodb/lib/mongodb/connection/connection.js:478:10)
    at Socket.EventEmitter.emit (events.js:95:17)
    at net.js:441:14
    at process._tickDomainCallback (node.js:459:13)
connect.multipart() will be removed in connect 3.0
visit https://github.com/senchalabs/connect/wiki/Connect-3.0 for alternatives
connect.limit() will be removed in connect 3.0

events.js:72
        throw er; // Unhandled 'error' event
              ^
Error: failed to connect to [10.30.1.21:27017]
    at null.<anonymous> (/Users/Stepan/Documents/PROJECTS/portal2/node_modules/mongoose/node_modules/mongodb/lib/mongodb/connection/server.js:540:74)
    at EventEmitter.emit (events.js:106:17)
    at null.<anonymous> (/Users/Stepan/Documents/PROJECTS/portal2/node_modules/mongoose/node_modules/mongodb/lib/mongodb/connection/connection_pool.js:140:15)
    at EventEmitter.emit (events.js:98:17)
    at Socket.<anonymous> (/Users/Stepan/Documents/PROJECTS/portal2/node_modules/mongoose/node_modules/mongodb/lib/mongodb/connection/connection.js:478:10)
    at Socket.EventEmitter.emit (events.js:95:17)
    at net.js:441:14
    at process._tickDomainCallback (node.js:459:13)
connect.multipart() will be removed in connect 3.0
visit https://github.com/senchalabs/connect/wiki/Connect-3.0 for alternatives
connect.limit() will be removed in connect 3.0

events.js:72
        throw er; // Unhandled 'error' event
              ^
Error: failed to connect to [10.30.1.21:27017]
    at null.<anonymous> (/Users/Stepan/Documents/PROJECTS/portal2/node_modules/mongoose/node_modules/mongodb/lib/mongodb/connection/server.js:540:74)
    at EventEmitter.emit (events.js:106:17)
    at null.<anonymous> (/Users/Stepan/Documents/PROJECTS/portal2/node_modules/mongoose/node_modules/mongodb/lib/mongodb/connection/connection_pool.js:140:15)
    at EventEmitter.emit (events.js:98:17)
    at Socket.<anonymous> (/Users/Stepan/Documents/PROJECTS/portal2/node_modules/mongoose/node_modules/mongodb/lib/mongodb/connection/connection.js:478:10)
    at Socket.EventEmitter.emit (events.js:95:17)
    at net.js:441:14
    at process._tickDomainCallback (node.js:459:13)
connect.multipart() will be removed in connect 3.0
visit https://github.com/senchalabs/connect/wiki/Connect-3.0 for alternatives
connect.limit() will be removed in connect 3.0

events.js:72
        throw er; // Unhandled 'error' event
              ^
Error: failed to connect to [10.30.1.21:27017]
    at null.<anonymous> (/Users/Stepan/Documents/PROJECTS/portal2/node_modules/mongoose/node_modules/mongodb/lib/mongodb/connection/server.js:540:74)
    at EventEmitter.emit (events.js:106:17)
    at null.<anonymous> (/Users/Stepan/Documents/PROJECTS/portal2/node_modules/mongoose/node_modules/mongodb/lib/mongodb/connection/connection_pool.js:140:15)
    at EventEmitter.emit (events.js:98:17)
    at Socket.<anonymous> (/Users/Stepan/Documents/PROJECTS/portal2/node_modules/mongoose/node_modules/mongodb/lib/mongodb/connection/connection.js:478:10)
    at Socket.EventEmitter.emit (events.js:95:17)
    at net.js:441:14
    at process._tickDomainCallback (node.js:459:13)
connect.multipart() will be removed in connect 3.0
visit https://github.com/senchalabs/connect/wiki/Connect-3.0 for alternatives
connect.limit() will be removed in connect 3.0

events.js:72
        throw er; // Unhandled 'error' event
              ^
Error: failed to connect to [10.30.1.21:27017]
    at null.<anonymous> (/Users/Stepan/Documents/PROJECTS/portal2/node_modules/mongoose/node_modules/mongodb/lib/mongodb/connection/server.js:540:74)
    at EventEmitter.emit (events.js:106:17)
    at null.<anonymous> (/Users/Stepan/Documents/PROJECTS/portal2/node_modules/mongoose/node_modules/mongodb/lib/mongodb/connection/connection_pool.js:140:15)
    at EventEmitter.emit (events.js:98:17)
    at Socket.<anonymous> (/Users/Stepan/Documents/PROJECTS/portal2/node_modules/mongoose/node_modules/mongodb/lib/mongodb/connection/connection.js:478:10)
    at Socket.EventEmitter.emit (events.js:95:17)
    at net.js:441:14
    at process._tickDomainCallback (node.js:459:13)
connect.multipart() will be removed in connect 3.0
visit https://github.com/senchalabs/connect/wiki/Connect-3.0 for alternatives
connect.limit() will be removed in connect 3.0

events.js:72
        throw er; // Unhandled 'error' event
              ^
Error: failed to connect to [10.30.1.21:27017]
    at null.<anonymous> (/Users/Stepan/Documents/PROJECTS/portal2/node_modules/mongoose/node_modules/mongodb/lib/mongodb/connection/server.js:540:74)
    at EventEmitter.emit (events.js:106:17)
    at null.<anonymous> (/Users/Stepan/Documents/PROJECTS/portal2/node_modules/mongoose/node_modules/mongodb/lib/mongodb/connection/connection_pool.js:140:15)
    at EventEmitter.emit (events.js:98:17)
    at Socket.<anonymous> (/Users/Stepan/Documents/PROJECTS/portal2/node_modules/mongoose/node_modules/mongodb/lib/mongodb/connection/connection.js:478:10)
    at Socket.EventEmitter.emit (events.js:95:17)
    at net.js:441:14
    at process._tickDomainCallback (node.js:459:13)
connect.multipart() will be removed in connect 3.0
visit https://github.com/senchalabs/connect/wiki/Connect-3.0 for alternatives
connect.limit() will be removed in connect 3.0

events.js:72
        throw er; // Unhandled 'error' event
              ^
Error: failed to connect to [10.30.1.21:27017]
    at null.<anonymous> (/Users/Stepan/Documents/PROJECTS/portal2/node_modules/mongoose/node_modules/mongodb/lib/mongodb/connection/server.js:540:74)
    at EventEmitter.emit (events.js:106:17)
    at null.<anonymous> (/Users/Stepan/Documents/PROJECTS/portal2/node_modules/mongoose/node_modules/mongodb/lib/mongodb/connection/connection_pool.js:140:15)
    at EventEmitter.emit (events.js:98:17)
    at Socket.<anonymous> (/Users/Stepan/Documents/PROJECTS/portal2/node_modules/mongoose/node_modules/mongodb/lib/mongodb/connection/connection.js:478:10)
    at Socket.EventEmitter.emit (events.js:95:17)
    at net.js:441:14
    at process._tickDomainCallback (node.js:459:13)
connect.multipart() will be removed in connect 3.0
visit https://github.com/senchalabs/connect/wiki/Connect-3.0 for alternatives
connect.limit() will be removed in connect 3.0

events.js:72
        throw er; // Unhandled 'error' event
              ^
Error: failed to connect to [10.30.1.21:27017]
    at null.<anonymous> (/Users/Stepan/Documents/PROJECTS/portal2/node_modules/mongoose/node_modules/mongodb/lib/mongodb/connection/server.js:540:74)
    at EventEmitter.emit (events.js:106:17)
    at null.<anonymous> (/Users/Stepan/Documents/PROJECTS/portal2/node_modules/mongoose/node_modules/mongodb/lib/mongodb/connection/connection_pool.js:140:15)
    at EventEmitter.emit (events.js:98:17)
    at Socket.<anonymous> (/Users/Stepan/Documents/PROJECTS/portal2/node_modules/mongoose/node_modules/mongodb/lib/mongodb/connection/connection.js:478:10)
    at Socket.EventEmitter.emit (events.js:95:17)
    at net.js:441:14
    at process._tickDomainCallback (node.js:459:13)
connect.multipart() will be removed in connect 3.0
visit https://github.com/senchalabs/connect/wiki/Connect-3.0 for alternatives
connect.limit() will be removed in connect 3.0

events.js:72
        throw er; // Unhandled 'error' event
              ^
Error: failed to connect to [10.30.1.21:27017]
    at null.<anonymous> (/Users/Stepan/Documents/PROJECTS/portal2/node_modules/mongoose/node_modules/mongodb/lib/mongodb/connection/server.js:540:74)
    at EventEmitter.emit (events.js:106:17)
    at null.<anonymous> (/Users/Stepan/Documents/PROJECTS/portal2/node_modules/mongoose/node_modules/mongodb/lib/mongodb/connection/connection_pool.js:140:15)
    at EventEmitter.emit (events.js:98:17)
    at Socket.<anonymous> (/Users/Stepan/Documents/PROJECTS/portal2/node_modules/mongoose/node_modules/mongodb/lib/mongodb/connection/connection.js:478:10)
    at Socket.EventEmitter.emit (events.js:95:17)
    at net.js:441:14
    at process._tickDomainCallback (node.js:459:13)
connect.multipart() will be removed in connect 3.0
visit https://github.com/senchalabs/connect/wiki/Connect-3.0 for alternatives
connect.limit() will be removed in connect 3.0

events.js:72
        throw er; // Unhandled 'error' event
              ^
Error: failed to connect to [10.30.1.21:27017]
    at null.<anonymous> (/Users/Stepan/Documents/PROJECTS/portal2/node_modules/mongoose/node_modules/mongodb/lib/mongodb/connection/server.js:540:74)
    at EventEmitter.emit (events.js:106:17)
    at null.<anonymous> (/Users/Stepan/Documents/PROJECTS/portal2/node_modules/mongoose/node_modules/mongodb/lib/mongodb/connection/connection_pool.js:140:15)
    at EventEmitter.emit (events.js:98:17)
    at Socket.<anonymous> (/Users/Stepan/Documents/PROJECTS/portal2/node_modules/mongoose/node_modules/mongodb/lib/mongodb/connection/connection.js:478:10)
    at Socket.EventEmitter.emit (events.js:95:17)
    at net.js:441:14
    at process._tickDomainCallback (node.js:459:13)
connect.multipart() will be removed in connect 3.0
visit https://github.com/senchalabs/connect/wiki/Connect-3.0 for alternatives
connect.limit() will be removed in connect 3.0

events.js:72
        throw er; // Unhandled 'error' event
              ^
Error: failed to connect to [10.30.1.21:27017]
    at null.<anonymous> (/Users/Stepan/Documents/PROJECTS/portal2/node_modules/mongoose/node_modules/mongodb/lib/mongodb/connection/server.js:540:74)
    at EventEmitter.emit (events.js:106:17)
    at null.<anonymous> (/Users/Stepan/Documents/PROJECTS/portal2/node_modules/mongoose/node_modules/mongodb/lib/mongodb/connection/connection_pool.js:140:15)
    at EventEmitter.emit (events.js:98:17)
    at Socket.<anonymous> (/Users/Stepan/Documents/PROJECTS/portal2/node_modules/mongoose/node_modules/mongodb/lib/mongodb/connection/connection.js:478:10)
    at Socket.EventEmitter.emit (events.js:95:17)
    at net.js:441:14
    at process._tickDomainCallback (node.js:459:13)
connect.multipart() will be removed in connect 3.0
visit https://github.com/senchalabs/connect/wiki/Connect-3.0 for alternatives
connect.limit() will be removed in connect 3.0

events.js:72
        throw er; // Unhandled 'error' event
              ^
Error: failed to connect to [10.30.1.21:27017]
    at null.<anonymous> (/Users/Stepan/Documents/PROJECTS/portal2/node_modules/mongoose/node_modules/mongodb/lib/mongodb/connection/server.js:540:74)
    at EventEmitter.emit (events.js:106:17)
    at null.<anonymous> (/Users/Stepan/Documents/PROJECTS/portal2/node_modules/mongoose/node_modules/mongodb/lib/mongodb/connection/connection_pool.js:140:15)
    at EventEmitter.emit (events.js:98:17)
    at Socket.<anonymous> (/Users/Stepan/Documents/PROJECTS/portal2/node_modules/mongoose/node_modules/mongodb/lib/mongodb/connection/connection.js:478:10)
    at Socket.EventEmitter.emit (events.js:95:17)
    at net.js:441:14
    at process._tickDomainCallback (node.js:459:13)
connect.multipart() will be removed in connect 3.0
visit https://github.com/senchalabs/connect/wiki/Connect-3.0 for alternatives
connect.limit() will be removed in connect 3.0

events.js:72
        throw er; // Unhandled 'error' event
              ^
Error: failed to connect to [10.30.1.21:27017]
    at null.<anonymous> (/Users/Stepan/Documents/PROJECTS/portal2/node_modules/mongoose/node_modules/mongodb/lib/mongodb/connection/server.js:540:74)
    at EventEmitter.emit (events.js:106:17)
    at null.<anonymous> (/Users/Stepan/Documents/PROJECTS/portal2/node_modules/mongoose/node_modules/mongodb/lib/mongodb/connection/connection_pool.js:140:15)
    at EventEmitter.emit (events.js:98:17)
    at Socket.<anonymous> (/Users/Stepan/Documents/PROJECTS/portal2/node_modules/mongoose/node_modules/mongodb/lib/mongodb/connection/connection.js:478:10)
    at Socket.EventEmitter.emit (events.js:95:17)
    at net.js:441:14
    at process._tickDomainCallback (node.js:459:13)
connect.multipart() will be removed in connect 3.0
visit https://github.com/senchalabs/connect/wiki/Connect-3.0 for alternatives
connect.limit() will be removed in connect 3.0

events.js:72
        throw er; // Unhandled 'error' event
              ^
Error: failed to connect to [10.30.1.21:27017]
    at null.<anonymous> (/Users/Stepan/Documents/PROJECTS/portal2/node_modules/mongoose/node_modules/mongodb/lib/mongodb/connection/server.js:540:74)
    at EventEmitter.emit (events.js:106:17)
    at null.<anonymous> (/Users/Stepan/Documents/PROJECTS/portal2/node_modules/mongoose/node_modules/mongodb/lib/mongodb/connection/connection_pool.js:140:15)
    at EventEmitter.emit (events.js:98:17)
    at Socket.<anonymous> (/Users/Stepan/Documents/PROJECTS/portal2/node_modules/mongoose/node_modules/mongodb/lib/mongodb/connection/connection.js:478:10)
    at Socket.EventEmitter.emit (events.js:95:17)
    at net.js:441:14
    at process._tickDomainCallback (node.js:459:13)
connect.multipart() will be removed in connect 3.0
visit https://github.com/senchalabs/connect/wiki/Connect-3.0 for alternatives
connect.limit() will be removed in connect 3.0

events.js:72
        throw er; // Unhandled 'error' event
              ^
Error: failed to connect to [10.30.1.21:27017]
    at null.<anonymous> (/Users/Stepan/Documents/PROJECTS/portal2/node_modules/mongoose/node_modules/mongodb/lib/mongodb/connection/server.js:540:74)
    at EventEmitter.emit (events.js:106:17)
    at null.<anonymous> (/Users/Stepan/Documents/PROJECTS/portal2/node_modules/mongoose/node_modules/mongodb/lib/mongodb/connection/connection_pool.js:140:15)
    at EventEmitter.emit (events.js:98:17)
    at Socket.<anonymous> (/Users/Stepan/Documents/PROJECTS/portal2/node_modules/mongoose/node_modules/mongodb/lib/mongodb/connection/connection.js:478:10)
    at Socket.EventEmitter.emit (events.js:95:17)
    at net.js:441:14
    at process._tickDomainCallback (node.js:459:13)
connect.multipart() will be removed in connect 3.0
visit https://github.com/senchalabs/connect/wiki/Connect-3.0 for alternatives
connect.limit() will be removed in connect 3.0

events.js:72
        throw er; // Unhandled 'error' event
              ^
Error: failed to connect to [10.30.1.21:27017]
    at null.<anonymous> (/Users/Stepan/Documents/PROJECTS/portal2/node_modules/mongoose/node_modules/mongodb/lib/mongodb/connection/server.js:540:74)
    at EventEmitter.emit (events.js:106:17)
    at null.<anonymous> (/Users/Stepan/Documents/PROJECTS/portal2/node_modules/mongoose/node_modules/mongodb/lib/mongodb/connection/connection_pool.js:140:15)
    at EventEmitter.emit (events.js:98:17)
    at Socket.<anonymous> (/Users/Stepan/Documents/PROJECTS/portal2/node_modules/mongoose/node_modules/mongodb/lib/mongodb/connection/connection.js:478:10)
    at Socket.EventEmitter.emit (events.js:95:17)
    at net.js:441:14
    at process._tickDomainCallback (node.js:459:13)
connect.multipart() will be removed in connect 3.0
visit https://github.com/senchalabs/connect/wiki/Connect-3.0 for alternatives
connect.limit() will be removed in connect 3.0

events.js:72
        throw er; // Unhandled 'error' event
              ^
Error: failed to connect to [10.30.1.21:27017]
    at null.<anonymous> (/Users/Stepan/Documents/PROJECTS/portal2/node_modules/mongoose/node_modules/mongodb/lib/mongodb/connection/server.js:540:74)
    at EventEmitter.emit (events.js:106:17)
    at null.<anonymous> (/Users/Stepan/Documents/PROJECTS/portal2/node_modules/mongoose/node_modules/mongodb/lib/mongodb/connection/connection_pool.js:140:15)
    at EventEmitter.emit (events.js:98:17)
    at Socket.<anonymous> (/Users/Stepan/Documents/PROJECTS/portal2/node_modules/mongoose/node_modules/mongodb/lib/mongodb/connection/connection.js:478:10)
    at Socket.EventEmitter.emit (events.js:95:17)
    at net.js:441:14
    at process._tickDomainCallback (node.js:459:13)
connect.multipart() will be removed in connect 3.0
visit https://github.com/senchalabs/connect/wiki/Connect-3.0 for alternatives
connect.limit() will be removed in connect 3.0

events.js:72
        throw er; // Unhandled 'error' event
              ^
Error: failed to connect to [10.30.1.21:27017]
    at null.<anonymous> (/Users/Stepan/Documents/PROJECTS/portal2/node_modules/mongoose/node_modules/mongodb/lib/mongodb/connection/server.js:540:74)
    at EventEmitter.emit (events.js:106:17)
    at null.<anonymous> (/Users/Stepan/Documents/PROJECTS/portal2/node_modules/mongoose/node_modules/mongodb/lib/mongodb/connection/connection_pool.js:140:15)
    at EventEmitter.emit (events.js:98:17)
    at Socket.<anonymous> (/Users/Stepan/Documents/PROJECTS/portal2/node_modules/mongoose/node_modules/mongodb/lib/mongodb/connection/connection.js:478:10)
    at Socket.EventEmitter.emit (events.js:95:17)
    at net.js:441:14
    at process._tickDomainCallback (node.js:459:13)
connect.multipart() will be removed in connect 3.0
visit https://github.com/senchalabs/connect/wiki/Connect-3.0 for alternatives
connect.limit() will be removed in connect 3.0

events.js:72
        throw er; // Unhandled 'error' event
              ^
Error: failed to connect to [10.30.1.21:27017]
    at null.<anonymous> (/Users/Stepan/Documents/PROJECTS/portal2/node_modules/mongoose/node_modules/mongodb/lib/mongodb/connection/server.js:540:74)
    at EventEmitter.emit (events.js:106:17)
    at null.<anonymous> (/Users/Stepan/Documents/PROJECTS/portal2/node_modules/mongoose/node_modules/mongodb/lib/mongodb/connection/connection_pool.js:140:15)
    at EventEmitter.emit (events.js:98:17)
    at Socket.<anonymous> (/Users/Stepan/Documents/PROJECTS/portal2/node_modules/mongoose/node_modules/mongodb/lib/mongodb/connection/connection.js:478:10)
    at Socket.EventEmitter.emit (events.js:95:17)
    at net.js:441:14
    at process._tickDomainCallback (node.js:459:13)
connect.multipart() will be removed in connect 3.0
visit https://github.com/senchalabs/connect/wiki/Connect-3.0 for alternatives
connect.limit() will be removed in connect 3.0

events.js:72
        throw er; // Unhandled 'error' event
              ^
Error: failed to connect to [10.30.1.21:27017]
    at null.<anonymous> (/Users/Stepan/Documents/PROJECTS/portal2/node_modules/mongoose/node_modules/mongodb/lib/mongodb/connection/server.js:540:74)
    at EventEmitter.emit (events.js:106:17)
    at null.<anonymous> (/Users/Stepan/Documents/PROJECTS/portal2/node_modules/mongoose/node_modules/mongodb/lib/mongodb/connection/connection_pool.js:140:15)
    at EventEmitter.emit (events.js:98:17)
    at Socket.<anonymous> (/Users/Stepan/Documents/PROJECTS/portal2/node_modules/mongoose/node_modules/mongodb/lib/mongodb/connection/connection.js:478:10)
    at Socket.EventEmitter.emit (events.js:95:17)
    at net.js:441:14
    at process._tickDomainCallback (node.js:459:13)
connect.multipart() will be removed in connect 3.0
visit https://github.com/senchalabs/connect/wiki/Connect-3.0 for alternatives
connect.limit() will be removed in connect 3.0

events.js:72
        throw er; // Unhandled 'error' event
              ^
Error: failed to connect to [10.30.1.21:27017]
    at null.<anonymous> (/Users/Stepan/Documents/PROJECTS/portal2/node_modules/mongoose/node_modules/mongodb/lib/mongodb/connection/server.js:540:74)
    at EventEmitter.emit (events.js:106:17)
    at null.<anonymous> (/Users/Stepan/Documents/PROJECTS/portal2/node_modules/mongoose/node_modules/mongodb/lib/mongodb/connection/connection_pool.js:140:15)
    at EventEmitter.emit (events.js:98:17)
    at Socket.<anonymous> (/Users/Stepan/Documents/PROJECTS/portal2/node_modules/mongoose/node_modules/mongodb/lib/mongodb/connection/connection.js:478:10)
    at Socket.EventEmitter.emit (events.js:95:17)
    at net.js:441:14
    at process._tickDomainCallback (node.js:459:13)
connect.multipart() will be removed in connect 3.0
visit https://github.com/senchalabs/connect/wiki/Connect-3.0 for alternatives
connect.limit() will be removed in connect 3.0

events.js:72
        throw er; // Unhandled 'error' event
              ^
Error: failed to connect to [10.30.1.21:27017]
    at null.<anonymous> (/Users/Stepan/Documents/PROJECTS/portal2/node_modules/mongoose/node_modules/mongodb/lib/mongodb/connection/server.js:540:74)
    at EventEmitter.emit (events.js:106:17)
    at null.<anonymous> (/Users/Stepan/Documents/PROJECTS/portal2/node_modules/mongoose/node_modules/mongodb/lib/mongodb/connection/connection_pool.js:140:15)
    at EventEmitter.emit (events.js:98:17)
    at Socket.<anonymous> (/Users/Stepan/Documents/PROJECTS/portal2/node_modules/mongoose/node_modules/mongodb/lib/mongodb/connection/connection.js:478:10)
    at Socket.EventEmitter.emit (events.js:95:17)
    at net.js:441:14
    at process._tickDomainCallback (node.js:459:13)
connect.multipart() will be removed in connect 3.0
visit https://github.com/senchalabs/connect/wiki/Connect-3.0 for alternatives
connect.limit() will be removed in connect 3.0

events.js:72
        throw er; // Unhandled 'error' event
              ^
Error: failed to connect to [10.30.1.21:27017]
    at null.<anonymous> (/Users/Stepan/Documents/PROJECTS/portal2/node_modules/mongoose/node_modules/mongodb/lib/mongodb/connection/server.js:540:74)
    at EventEmitter.emit (events.js:106:17)
    at null.<anonymous> (/Users/Stepan/Documents/PROJECTS/portal2/node_modules/mongoose/node_modules/mongodb/lib/mongodb/connection/connection_pool.js:140:15)
    at EventEmitter.emit (events.js:98:17)
    at Socket.<anonymous> (/Users/Stepan/Documents/PROJECTS/portal2/node_modules/mongoose/node_modules/mongodb/lib/mongodb/connection/connection.js:478:10)
    at Socket.EventEmitter.emit (events.js:95:17)
    at net.js:441:14
    at process._tickDomainCallback (node.js:459:13)
connect.multipart() will be removed in connect 3.0
visit https://github.com/senchalabs/connect/wiki/Connect-3.0 for alternatives
connect.limit() will be removed in connect 3.0

events.js:72
        throw er; // Unhandled 'error' event
              ^
Error: failed to connect to [10.30.1.21:27017]
    at null.<anonymous> (/Users/Stepan/Documents/PROJECTS/portal2/node_modules/mongoose/node_modules/mongodb/lib/mongodb/connection/server.js:540:74)
    at EventEmitter.emit (events.js:106:17)
    at null.<anonymous> (/Users/Stepan/Documents/PROJECTS/portal2/node_modules/mongoose/node_modules/mongodb/lib/mongodb/connection/connection_pool.js:140:15)
    at EventEmitter.emit (events.js:98:17)
    at Socket.<anonymous> (/Users/Stepan/Documents/PROJECTS/portal2/node_modules/mongoose/node_modules/mongodb/lib/mongodb/connection/connection.js:478:10)
    at Socket.EventEmitter.emit (events.js:95:17)
    at net.js:441:14
    at process._tickDomainCallback (node.js:459:13)
connect.multipart() will be removed in connect 3.0
visit https://github.com/senchalabs/connect/wiki/Connect-3.0 for alternatives
connect.limit() will be removed in connect 3.0

events.js:72
        throw er; // Unhandled 'error' event
              ^
Error: failed to connect to [10.30.1.21:27017]
    at null.<anonymous> (/Users/Stepan/Documents/PROJECTS/portal2/node_modules/mongoose/node_modules/mongodb/lib/mongodb/connection/server.js:540:74)
    at EventEmitter.emit (events.js:106:17)
    at null.<anonymous> (/Users/Stepan/Documents/PROJECTS/portal2/node_modules/mongoose/node_modules/mongodb/lib/mongodb/connection/connection_pool.js:140:15)
    at EventEmitter.emit (events.js:98:17)
    at Socket.<anonymous> (/Users/Stepan/Documents/PROJECTS/portal2/node_modules/mongoose/node_modules/mongodb/lib/mongodb/connection/connection.js:478:10)
    at Socket.EventEmitter.emit (events.js:95:17)
    at net.js:441:14
    at process._tickDomainCallback (node.js:459:13)
