 
info: socket.io started
[90mGET /portal [36m304 [90m373ms[0m
[90mGET /vendor/bower_components/bootstrap/dist/css/bootstrap.css [36m304 [90m44ms[0m
[90mGET /css/app.css [36m304 [90m44ms[0m
[90mGET /vendor/bower_components/bootstrap/dist/css/bootstrap-responsive.css [36m304 [90m53ms[0m
[90mGET /vendor/bower_components/jquery/jquery.min.js [36m304 [90m53ms[0m
[90mGET /vendor/bower_components/bootstrap/dist/js/bootstrap.js [36m304 [90m51ms[0m
[90mGET /js/ejs.js [36m304 [90m54ms[0m
[90mGET /vendor/bower_components/socket.io-client/dist/socket.io.js [36m304 [90m32ms[0m
[90mGET /vendor/bower_components/bootstrap/dist/img/glyphicons-halflings.png [36m304 [90m73ms[0m
[90mGET /js/portal.js [36m304 [90m76ms[0m
[90mGET /ping?device=SW-3560.KURSK.FSONET [32m200 [90m54ms - 2.82kb[0m
[90mGET /ping?device=SW-3560.KURSK.FSONET [36m304 [90m24ms[0m
[90mGET /ping?device=SW-3560.KURSK.FSONET [32m200 [90m109ms - 2.82kb[0m
[90mGET /ping?device=SW-3560.KURSK.FSONET [36m304 [90m120ms[0m
[90mGET /ping?device=SW-3560.KURSK.FSONET [36m304 [90m76ms[0m
[90mGET /ping?device=SW-3560.KURSK.FSONET [36m304 [90m113ms[0m
[90mGET /ping?device=RT-3945.KURSK.FSONET [32m200 [90m71ms - 92b[0m
[90mGET /ping?device=RT-3945.KURSK.FSONET [36m304 [90m102ms[0m
[90mGET /ping?device=SW-2960.KURSK.FSONET [32m200 [90m65ms[0m
[90mGET /ping?device=SW-2960.KURSK.FSONET [32m200 [90m111ms[0m
[90mGET /ping?device=SW-3560.KURSK.FSONET [36m304 [90m65ms[0m
[90mGET /ping?device=SW-3560.KURSK.FSONET [36m304 [90m104ms[0m
[90mGET /ping?device=SW-3560.KURSK.FSONET [36m304 [90m64ms[0m
[90mGET /ping?device=SW-3560.KURSK.FSONET [36m304 [90m109ms[0m
[90mGET /ping?device=SW-3560.KURSK.FSONET [36m304 [90m69ms[0m
[90mGET /ping?device=SW-3560.KURSK.FSONET [36m304 [90m99ms[0m
 
info: socket.io started
 
info: socket.io started
 
info: socket.io started
[90mGET /portal [32m200 [90m405ms - 314.1kb[0m
[90mGET /vendor/bower_components/bootstrap/dist/css/bootstrap.css [36m304 [90m47ms[0m
[90mGET /css/app.css [36m304 [90m46ms[0m
[90mGET /vendor/bower_components/bootstrap/dist/css/bootstrap-responsive.css [36m304 [90m45ms[0m
[90mGET /vendor/bower_components/jquery/jquery.min.js [36m304 [90m59ms[0m
[90mGET /vendor/bower_components/bootstrap/dist/js/bootstrap.js [36m304 [90m58ms[0m
[90mGET /js/ejs.js [36m304 [90m58ms[0m
[90mGET /vendor/bower_components/socket.io-client/dist/socket.io.js [36m304 [90m87ms[0m
[90mGET /vendor/bower_components/bootstrap/dist/img/glyphicons-halflings.png [36m304 [90m36ms[0m
[90mGET /js/portal.js [36m304 [90m33ms[0m
 
info: socket.io started
 
info: socket.io started
 
info: socket.io started
 
info: socket.io started
 
info: socket.io started
 
info: socket.io started
 
info: socket.io started
 
info: socket.io started
 
info: socket.io started
 
info: socket.io started
 
info: socket.io started
 
info: socket.io started
 
info: socket.io started
 
info: socket.io started
 
info: socket.io started
[90mGET /portal [32m200 [90m419ms - 313.99kb[0m
[90mGET /vendor/bower_components/bootstrap/dist/css/bootstrap.css [36m304 [90m25ms[0m
[90mGET /css/app.css [36m304 [90m34ms[0m
[90mGET /vendor/bower_components/bootstrap/dist/css/bootstrap-responsive.css [36m304 [90m34ms[0m
[90mGET /vendor/bower_components/jquery/jquery.min.js [36m304 [90m33ms[0m
[90mGET /vendor/bower_components/bootstrap/dist/js/bootstrap.js [36m304 [90m37ms[0m
[90mGET /js/ejs.js [36m304 [90m36ms[0m
[90mGET /vendor/bower_components/socket.io-client/dist/socket.io.js [36m304 [90m79ms[0m
[90mGET /vendor/bower_components/bootstrap/dist/img/glyphicons-halflings.png [36m304 [90m61ms[0m
[90mGET /js/portal.js [36m304 [90m107ms[0m
Got error: connect ENETDOWN
Got error: connect ETIMEDOUT
 
info: socket.io started
[90mGET /portal [36m304 [90m437ms[0m
[90mGET /vendor/bower_components/bootstrap/dist/css/bootstrap.css [36m304 [90m23ms[0m
[90mGET /css/app.css [36m304 [90m25ms[0m
[90mGET /vendor/bower_components/bootstrap/dist/css/bootstrap-responsive.css [36m304 [90m25ms[0m
[90mGET /vendor/bower_components/jquery/jquery.min.js [36m304 [90m26ms[0m
[90mGET /vendor/bower_components/bootstrap/dist/js/bootstrap.js [36m304 [90m25ms[0m
[90mGET /js/ejs.js [36m304 [90m26ms[0m
[90mGET /vendor/bower_components/socket.io-client/dist/socket.io.js [36m304 [90m66ms[0m
[90mGET /vendor/bower_components/bootstrap/dist/img/glyphicons-halflings.png [36m304 [90m66ms[0m
[90mGET /js/portal.js [36m304 [90m108ms[0m
[90mGET /portal [36m304 [90m75ms[0m
[90mGET /vendor/bower_components/bootstrap/dist/css/bootstrap.css [36m304 [90m36ms[0m
[90mGET /css/app.css [36m304 [90m40ms[0m
[90mGET /vendor/bower_components/bootstrap/dist/css/bootstrap-responsive.css [36m304 [90m38ms[0m
[90mGET /vendor/bower_components/jquery/jquery.min.js [36m304 [90m35ms[0m
[90mGET /vendor/bower_components/bootstrap/dist/js/bootstrap.js [36m304 [90m38ms[0m
[90mGET /js/ejs.js [36m304 [90m37ms[0m
[90mGET /vendor/bower_components/socket.io-client/dist/socket.io.js [36m304 [90m67ms[0m
[90mGET /vendor/bower_components/bootstrap/dist/img/glyphicons-halflings.png [36m304 [90m61ms[0m
[90mGET /js/portal.js [36m304 [90m63ms[0m
[90mGET /portal [36m304 [90m73ms[0m
[90mGET /vendor/bower_components/bootstrap/dist/css/bootstrap.css [36m304 [90m41ms[0m
[90mGET /css/app.css [36m304 [90m41ms[0m
[90mGET /vendor/bower_components/bootstrap/dist/css/bootstrap-responsive.css [36m304 [90m41ms[0m
[90mGET /vendor/bower_components/jquery/jquery.min.js [36m304 [90m45ms[0m
[90mGET /vendor/bower_components/bootstrap/dist/js/bootstrap.js [36m304 [90m44ms[0m
[90mGET /js/ejs.js [36m304 [90m44ms[0m
[90mGET /vendor/bower_components/socket.io-client/dist/socket.io.js [36m304 [90m65ms[0m
[90mGET /vendor/bower_components/bootstrap/dist/img/glyphicons-halflings.png [36m304 [90m61ms[0m
[90mGET /js/portal.js [36m304 [90m99ms[0m
[90mGET /images/region/%D0%A3%D0%A4%D0%9E.svg [32m200 [90m61ms - 24.99kb[0m
[90mGET /images/region/%D0%9F%D0%A4%D0%9E.svg [32m200 [90m59ms - 21.41kb[0m
[90mGET /images/region/%D0%AE%D0%A4%D0%9E.svg [32m200 [90m67ms - 19.95kb[0m
Got error: connect ETIMEDOUT
 
info: socket.io started
 
info: socket.io started
 
info: socket.io started
 
info: socket.io started
 
info: socket.io started
 
info: socket.io started
 
info: socket.io started
 
info: socket.io started
 
info: socket.io started
 
info: socket.io started
 
info: socket.io started
 
info: socket.io started
 
info: socket.io started
 
info: socket.io started
 
info: socket.io started
 
info: socket.io started
 
info: socket.io started
 
info: socket.io started
 
info: socket.io started
 
info: socket.io started
 
info: socket.io started
 
info: socket.io started
 
info: socket.io started
 
info: socket.io started
 
info: socket.io started
 
info: socket.io started
 
info: socket.io started
 
info: socket.io started
 
info: socket.io started
 
info: socket.io started
 
info: socket.io started
 
info: socket.io started
 
info: socket.io started
 
info: socket.io started
 
info: socket.io started
 
info: socket.io started
 
info: socket.io started
 
info: socket.io started
 
info: socket.io started
 
info: socket.io started
 
info: socket.io started
 
info: socket.io started
 
info: socket.io started
 
info: socket.io started
 
info: socket.io started
 
info: socket.io started
 
info: socket.io started
